n/1610122229519.jpg
n/1610122229518.jpg
n/1610122229517.jpg
n/1610122229516.jpg
n/1610122229515.jpg
n/1610122229514.jpg
n/1610122229513.jpg
n/1610122229512.jpg
n/1610122229511.jpg
n/1610122229510.jpg
n/1610122229509.jpg
n/1610122229508.jpg
n/1610122229507.jpg
n/1610122229506.jpg
n/1610122229505.jpg
n/1610122229504.jpg
n/1610122229503.jpg
n/1610122229502.jpg
n/1610122229501.jpg
n/1610122229500.jpg
n/1610122229499.jpg
n/1610122229498.jpg
n/1610122229395.jpg
n/1610122229496.jpg
n/1610122229495.jpg
n/1610122229494.jpg
n/1610122229497.jpg
n/1610122229493.jpg
n/1610122229387.jpg
n/1610122229388.jpg
n/1610122229386.jpg
n/1610122229385.jpg
n/1610122229384.jpg
n/1610122229383.jpg
n/1610122229382.jpg
n/1610122229381.jpg
n/1610122229379.jpg
n/1610122229378.jpg
n/1610122229377.jpg
n/1610122229376.jpg
n/1610122229375.jpg
n/1610122229374.jpg
n/1610122229371.jpg
n/1610122229373.jpg
n/1610122229372.jpg
n/1610122229370.jpg
n/1610122229368.jpg
n/1610122229367.jpg
n/1610122229366.jpg
n/1610122229365.jpg
n/1610122229364.jpg
n/1610122229363.jpg
n/1610122229362.jpg
n/1610122229361.jpg
n/1610122229359.jpg
n/1610122229360.jpg
n/1610122229356.jpg
n/1610122229355.jpg
n/googlelogo_dark_color_188x64dp.png
n/1610122229492.jpg
n/1610122229491.jpg
n/1610122229490.jpg
n/1610122229489.jpg
n/1610122229488.jpg
n/1610122229486.jpg
n/1610122229485.jpg
n/1610122229484.jpg
n/1610122229483.jpg
n/1610122229482.jpg
n/1610122229481.jpg
n/1610122229480.jpg
n/1610122229479.jpg
n/1610122229476.png
n/1610122229478.jpg
n/1610122229477.jpg
n/1610122229475.jpg
n/1610122229474.jpg
n/1610122229473.jpg
n/1610122229472.jpg
n/1610122229471.jpg
n/1610122229470.jpg
n/1610122229468.jpg
n/1610122229469.jpg
n/1610122229462.jpg
n/1610122229461.jpg
n/1610122229459.jpg
n/1610122229458.jpg
n/1610122229457.jpg
n/1610122229456.jpg
n/1610122229455.jpg
n/1610122229454.jpg
n/1610122229453.jpg
n/1610122229452.jpg
n/1610122229451.jpg
n/1610122229450.jpg
n/1610122229448.jpg
n/1610122229447.jpg
n/1610122229446.jpg
n/1610122229444.jpg
n/1610122229445.jpg
n/1610122229443.jpg
n/1610122229442.jpg
n/1610122229441.jpg
n/1610122229440.jpg
n/1610122229439.jpg
n/1610122229437.jpg
n/1610122229436.jpg
n/1610122229435.jpg
n/1610122229434.jpg
n/1610122229433.jpg
n/1610122229432.jpg
n/1610122229431.jpg
n/1610122229430.jpg
n/1610122229460.png
n/1610122229429.jpg
n/1610122229428.jpg
n/1610122229426.jpg
n/1610122229425.jpg
n/1610122229424.jpg
n/1610122229423.jpg
n/1610122229422.jpg
n/1610122229421.jpg
n/1610122229420.jpg
n/1610122229419.jpg
n/1610122229418.jpg
n/1610122229417.jpg
n/1610122229415.jpg
n/1610122229414.jpg
n/1610122229413.jpg
n/1610122229410.jpg
n/1610122229411.jpg
n/1610122229412.jpg
n/1610122229409.jpg
n/1610122229408.jpg
n/1610122229407.jpg
n/1610122229449.png
n/1610122229406.jpg
n/1610122229404.jpg
n/1610122229403.jpg
n/1610122229402.jpg
n/1610122229438.png
n/1610122229399.jpg
n/1610122229401.jpg
n/1610122229400.jpg
n/1610122229398.jpg
n/1610122229353.jpg
n/1610122229354.jpg
n/1610122229352.jpg
n/1610122229351.jpg
n/1610122229350.jpg
n/1610122229349.jpg
n/1610122229348.jpg
n/1610122229347.jpg
n/1610122229345.jpg
n/1610122229344.jpg
n/1610122229343.jpg
n/1610122229342.jpg
n/1610122229341.jpg
n/1610122229340.jpg
n/1610122126676.jpg
n/1610121848458.jpg
n/1610121848453.jpg
n/1610121778227.jpg
n/1610122229392.jpg
n/1610122229391.jpg
n/1610122229427.png
n/1610122229397.jpg
n/1610122229416.png
n/1610122229396.jpg
n/1610122229394.jpg
n/1610122229487.jpg
n/1610122229476.jpg
n/1610122229460.jpg
n/1610122229449.jpg
n/1610122229438.jpg
n/1610122229427.jpg
n/1610122229416.jpg
n/1610122229405.png
n/1610122229393.png
n/images.png
n/1610122229390.jpg
n/1610122229389.jpg
n/1610122229405.jpg
n/1610122229358.png
n/1610122229380.jpg
n/1610122229369.jpg
n/1610122229393.jpg
n/images.jpg
n/1610122229346.png
n/1610122229357.jpg
n/1610121778222.png
n/1610122229346.jpg
n/download.png
n/1610121778222.jpg
n/download.jpg