p/googlelogo_dark_color_188x64dp.png 1 0 0 188 64
p/1610122229687.jpg 1 0 0 225 225
p/1610122229686.jpg 1 0 0 225 225
p/1610122229685.jpg 1 0 0 294 171
p/1610122229583.jpg 1 0 0 100 100
p/1610122229683.jpg 1 0 0 225 225
p/1610122229684.jpg 1 0 0 100 100
p/1610122229682.jpg 1 0 0 221 228
p/1610122229681.jpg 1 0 0 294 171
p/1610122229680.jpg 1 0 0 259 194
p/1610122229679.jpg 1 0 0 259 194
p/1610122229678.jpg 1 0 0 194 259
p/1610122229677.jpg 1 0 0 259 194
p/1610122229676.jpg 1 0 0 318 159
p/1610122229675.jpg 1 0 0 192 262
p/1610122229673.jpg 1 0 0 275 183
p/1610122229672.jpg 1 0 0 300 168
p/1610122229671.jpg 1 0 0 209 242
p/1610122229669.jpg 1 0 0 300 168
p/1610122229668.jpg 1 0 0 243 208
p/1610122229667.jpg 1 0 0 294 171
p/1610122229666.jpg 1 0 0 247 204
p/1610122229665.jpg 1 0 0 299 168
p/1610122229664.jpg 1 0 0 275 183
p/1610122229661.jpg 1 0 0 240 210
p/1610122229663.jpg 1 0 0 225 224
p/1610122229660.jpg 1 0 0 317 159
p/1610122229659.jpg 1 0 0 318 158
p/1610122229658.jpg 1 0 0 259 194
p/1610122229657.jpg 1 0 0 275 183
p/1610122229656.jpg 1 0 0 100 100
p/1610122229655.jpg 1 0 0 100 100
p/1610122229654.jpg 1 0 0 100 100
p/1610122229653.jpg 1 0 0 259 194
p/1610122229652.jpg 1 0 0 202 250
p/1610122229650.jpg 1 0 0 259 195
p/1610122229649.jpg 1 0 0 259 194
p/1610122229648.jpg 1 0 0 201 251
p/1610122229646.jpg 1 0 0 299 168
p/1610122229647.jpg 1 0 0 299 168
p/1610122229645.jpg 1 0 0 275 183
p/1610122229644.jpg 1 0 0 286 176
p/1610122229643.jpg 1 0 0 299 168
p/1610122229642.jpg 1 0 0 226 223
p/1610122229639.jpg 1 0 0 300 168
p/1610122229637.jpg 1 0 0 244 206
p/1610122229636.jpg 1 0 0 301 167
p/1610122229635.jpg 1 0 0 300 168
p/1610122229605.png 1 0 0 300 168
p/1610122229634.jpg 1 0 0 192 262
p/1610122229633.jpg 1 0 0 318 159
p/1610122229632.jpg 1 0 0 275 183
p/1610122229631.jpg 1 0 0 272 185
p/1610122229630.jpg 1 0 0 296 171
p/1610122229629.jpg 1 0 0 300 168
p/1610122229628.jpg 1 0 0 257 196
p/1610122229626.jpg 1 0 0 259 194
p/1610122229625.jpg 1 0 0 100 100
p/1610122229593.png 1 0 0 100 100
p/1610122229624.jpg 1 0 0 100 100
p/1610122229623.jpg 1 0 0 318 159
p/1610122229622.jpg 1 0 0 183 275
p/1610122229621.jpg 1 0 0 280 180
p/1610122229620.jpg 1 0 0 357 141
p/1610122229619.jpg 1 0 0 275 183
p/1610122229618.jpg 1 0 0 372 135
p/1610122229617.jpg 1 0 0 225 225
p/1610122229615.jpg 1 0 0 299 168
p/1610122229614.jpg 1 0 0 225 225
p/1610122229613.jpg 1 0 0 319 158
p/1610122229612.jpg 1 0 0 259 194
p/1610122229611.jpg 1 0 0 259 194
p/1610122229610.jpg 1 0 0 225 225
p/1610122229609.jpg 1 0 0 201 251
p/1610122229608.jpg 1 0 0 304 166
p/1610122229607.jpg 1 0 0 183 275
p/1610122229606.jpg 1 0 0 181 279
p/1610122229604.jpg 1 0 0 243 207
p/1610122229603.jpg 1 0 0 275 183
p/1610122229602.jpg 1 0 0 259 194
p/1610122229601.jpg 1 0 0 300 168
p/1610122229600.jpg 1 0 0 225 225
p/1610122229599.jpg 1 0 0 187 270
p/1610122229598.jpg 1 0 0 300 168
p/1610122229597.jpg 1 0 0 100 100
p/1610122229596.jpg 1 0 0 100 100
p/1610122229594.jpg 1 0 0 100 100
p/1610122229592.jpg 1 0 0 300 168
p/1610122229591.jpg 1 0 0 225 225
p/1610122229589.jpg 1 0 0 177 285
p/1610122229590.jpg 1 0 0 232 217
p/1610122229574.jpg 1 0 0 285 177
p/1610122229571.jpg 1 0 0 287 176
p/1610122229572.jpg 1 0 0 273 184
p/1610122229570.jpg 1 0 0 275 183
p/1610122229569.jpg 1 0 0 275 183
p/1610122229568.jpg 1 0 0 259 194
p/1610122229567.jpg 1 0 0 225 225
p/1610122229566.jpg 1 0 0 300 168
p/1610122229565.jpg 1 0 0 311 162
p/1610122229564.jpg 1 0 0 225 225
p/1610122229563.jpg 1 0 0 292 173
p/1610122229561.jpg 1 0 0 205 246
p/1610122229560.jpg 1 0 0 300 168
p/1610122229559.jpg 1 0 0 261 193
p/1610122229558.jpg 1 0 0 180 280
p/1610122229557.jpg 1 0 0 296 170
p/1610122229556.jpg 1 0 0 275 183
p/1610122229555.jpg 1 0 0 183 275
p/1610122229554.jpg 1 0 0 225 225
p/1610122229553.jpg 1 0 0 301 168
p/1610122229588.jpg 1 0 0 100 100
p/1610122229587.jpg 1 0 0 100 100
p/1610122229586.jpg 1 0 0 100 100
p/1610122229584.jpg 1 0 0 100 100
p/1610122229585.jpg 1 0 0 100 100
p/1610122229582.jpg 1 0 0 100 100
p/1610122229581.png 1 0 0 100 100
p/1610122229674.jpg 1 0 0 100 100
p/1610122229662.jpg 1 0 0 100 100
p/1610122229638.jpg 1 0 0 100 100
p/1610122229651.jpg 1 0 0 100 100
p/1610122229627.jpg 1 0 0 100 100
p/1610122229616.jpg 1 0 0 100 100
p/1610122229605.jpg 1 0 0 100 100
p/1610122229593.jpg 1 0 0 100 100
p/1610122229581.jpg 1 0 0 100 100
p/images.jpg 1 0 0 100 100
p/images.png 1 0 0 100 100
p/download.png 1 0 0 100 100
p/1610122229552.jpg 1 0 0 100 100
p/1610122229580.jpg 1 0 0 100 100
p/1610122229579.jpg 1 0 0 100 100
p/1610122229577.jpg 1 0 0 100 100
p/1610122229573.jpg 1 0 0 100 100
p/1610122229576.jpg 1 0 0 100 100
p/1610122229578.jpg 1 0 0 100 100
p/1610122229575.jpg 1 0 0 100 100
p/1610122229562.jpg 1 0 0 100 100
p/download.jpg 1 0 0 100 100
p/1610122229540.jpg 1 0 0 100 100